2024-04-28 14:54:03,891 root INFO Test execution started: perform_search
2024-04-28 14:54:03,892 root INFO Browser: edge
2024-04-28 14:54:03,895 root INFO Test started: test
2024-04-28 14:54:03,896 root INFO Navigate to: 'https://wikipedia.org'
2024-04-28 14:54:03,897 root ERROR No executable file found using path C:\Users\devad\Downloads\edgedriver_win64
2024-04-28 14:54:03,900 root ERROR Exception: No executable file found using path C:\Users\devad\Downloads\edgedriver_win64
Traceback (most recent call last):
  File "C:\Users\devad\PycharmProjects\golem\venv\lib\site-packages\golem\test_runner\test_runner.py", line 257, in run_test_function
    f(execution.data)
  File "C:\Users\devad\PycharmProjects\golem\tutorial\projects\Akshy\tests\perform_search.py", line 8, in test
    navigate("https://wikipedia.org")
  File "C:\Users\devad\PycharmProjects\golem\venv\lib\site-packages\golem\actions.py", line 1379, in navigate
    get_browser().get(url)
  File "C:\Users\devad\PycharmProjects\golem\venv\lib\site-packages\golem\actions.py", line 1097, in get_browser
    return browser.get_browser()
  File "C:\Users\devad\PycharmProjects\golem\venv\lib\site-packages\golem\browser.py", line 235, in get_browser
    open_browser()
  File "C:\Users\devad\PycharmProjects\golem\venv\lib\site-packages\golem\browser.py", line 158, in open_browser
    with validate_exec_path('edge', 'edgedriver_path', settings) as ex_path:
  File "C:\Program Files\WindowsApps\PythonSoftwareFoundation.Python.3.9_3.9.3568.0_x64__qbz5n2kfra8p0\lib\contextlib.py", line 119, in __enter__
    return next(self.gen)
  File "C:\Users\devad\PycharmProjects\golem\venv\lib\site-packages\golem\browser.py", line 88, in validate_exec_path
    raise Exception(msg)
Exception: No executable file found using path C:\Users\devad\Downloads\edgedriver_win64
2024-04-28 14:54:03,903 root INFO Test Result: CODE ERROR
