13:26:39.272 INFO Test execution started: perform_search
13:26:39.273 INFO Browser: chrome
13:26:39.280 INFO Test started: test
13:26:39.281 INFO Navigate to: 'http://wikipedia.org'
13:26:44.325 ERROR Could not start chrome driver using the path './drivers/chromedriver*'
verify that the chromedriver_path setting points to a valid webdriver executable.
13:26:44.329 INFO Traceback (most recent call last):
  File "C:\Users\devad\PycharmProjects\golem\venv\lib\site-packages\golem\browser.py", line 78, in validate_exec_path
    yield matched_executable_path
  File "C:\Users\devad\PycharmProjects\golem\venv\lib\site-packages\golem\browser.py", line 133, in open_browser
    driver = GolemChromeDriver(executable_path=ex_path,
  File "C:\Users\devad\PycharmProjects\golem\venv\lib\site-packages\selenium\webdriver\chrome\webdriver.py", line 76, in __init__
    RemoteWebDriver.__init__(
  File "C:\Users\devad\PycharmProjects\golem\venv\lib\site-packages\selenium\webdriver\remote\webdriver.py", line 157, in __init__
    self.start_session(capabilities, browser_profile)
  File "C:\Users\devad\PycharmProjects\golem\venv\lib\site-packages\selenium\webdriver\remote\webdriver.py", line 252, in start_session
    response = self.execute(Command.NEW_SESSION, parameters)
  File "C:\Users\devad\PycharmProjects\golem\venv\lib\site-packages\selenium\webdriver\remote\webdriver.py", line 321, in execute
    self.error_handler.check_response(response)
  File "C:\Users\devad\PycharmProjects\golem\venv\lib\site-packages\selenium\webdriver\remote\errorhandler.py", line 242, in check_response
    raise exception_class(message, screen, stacktrace)
selenium.common.exceptions.SessionNotCreatedException: Message: session not created: This version of ChromeDriver only supports Chrome version 114
Current browser version is 124.0.6367.91 with binary path C:\Program Files\Google\Chrome\Application\chrome.exe


13:26:44.346 ERROR Exception: Could not start chrome driver using the path './drivers/chromedriver*'
verify that the chromedriver_path setting points to a valid webdriver executable.
Traceback (most recent call last):
  File "C:\Users\devad\PycharmProjects\golem\venv\lib\site-packages\golem\browser.py", line 78, in validate_exec_path
    yield matched_executable_path
  File "C:\Users\devad\PycharmProjects\golem\venv\lib\site-packages\golem\browser.py", line 133, in open_browser
    driver = GolemChromeDriver(executable_path=ex_path,
  File "C:\Users\devad\PycharmProjects\golem\venv\lib\site-packages\selenium\webdriver\chrome\webdriver.py", line 76, in __init__
    RemoteWebDriver.__init__(
  File "C:\Users\devad\PycharmProjects\golem\venv\lib\site-packages\selenium\webdriver\remote\webdriver.py", line 157, in __init__
    self.start_session(capabilities, browser_profile)
  File "C:\Users\devad\PycharmProjects\golem\venv\lib\site-packages\selenium\webdriver\remote\webdriver.py", line 252, in start_session
    response = self.execute(Command.NEW_SESSION, parameters)
  File "C:\Users\devad\PycharmProjects\golem\venv\lib\site-packages\selenium\webdriver\remote\webdriver.py", line 321, in execute
    self.error_handler.check_response(response)
  File "C:\Users\devad\PycharmProjects\golem\venv\lib\site-packages\selenium\webdriver\remote\errorhandler.py", line 242, in check_response
    raise exception_class(message, screen, stacktrace)
selenium.common.exceptions.SessionNotCreatedException: Message: session not created: This version of ChromeDriver only supports Chrome version 114
Current browser version is 124.0.6367.91 with binary path C:\Program Files\Google\Chrome\Application\chrome.exe


During handling of the above exception, another exception occurred:

Traceback (most recent call last):
  File "C:\Users\devad\PycharmProjects\golem\venv\lib\site-packages\golem\test_runner\test_runner.py", line 257, in run_test_function
    f(execution.data)
  File "C:\Users\devad\PycharmProjects\golem\tutorial\projects\Akshy\tests\perform_search.py", line 6, in test
    navigate("http://wikipedia.org")
  File "C:\Users\devad\PycharmProjects\golem\venv\lib\site-packages\golem\actions.py", line 1379, in navigate
    get_browser().get(url)
  File "C:\Users\devad\PycharmProjects\golem\venv\lib\site-packages\golem\actions.py", line 1097, in get_browser
    return browser.get_browser()
  File "C:\Users\devad\PycharmProjects\golem\venv\lib\site-packages\golem\browser.py", line 235, in get_browser
    open_browser()
  File "C:\Users\devad\PycharmProjects\golem\venv\lib\site-packages\golem\browser.py", line 133, in open_browser
    driver = GolemChromeDriver(executable_path=ex_path,
  File "C:\Program Files\WindowsApps\PythonSoftwareFoundation.Python.3.9_3.9.3568.0_x64__qbz5n2kfra8p0\lib\contextlib.py", line 137, in __exit__
    self.gen.throw(typ, value, traceback)
  File "C:\Users\devad\PycharmProjects\golem\venv\lib\site-packages\golem\browser.py", line 84, in validate_exec_path
    raise Exception(msg)
Exception: Could not start chrome driver using the path './drivers/chromedriver*'
verify that the chromedriver_path setting points to a valid webdriver executable.
13:26:44.350 INFO Test Result: CODE ERROR
